<?xml version="1.0" encoding="UTF-8"?>
<!-- Generated by org.testng.reporters.JUnitXMLReporter -->
<testsuite hostname="ip-172-31-19-0" ignored="0" name="Default test" tests="2" failures="2" timestamp="2022-04-28T04:52:33 UTC" time="0.352" errors="0">
  <testcase name="runScenario" time="0.077" classname="io.cucumber.testng.AbstractTestNGCucumberTests">
    <failure type="java.lang.NullPointerException">
      <![CDATA[java.lang.NullPointerException
at com.swiggy.testscripts.OrderPizzaTestSteps.a_user_is_on_the_home_of_swiggy(OrderPizzaTestSteps.java:13)
at ✽.a user is on the home of Swiggy(file:///home/arbrownappliedi/eclipse-workspace3/SwiggyProject/Feature/Orderpizza.feature:4)
]]>
    </failure>
  </testcase> <!-- runScenario -->
  <testcase name="runScenario" time="0.015" classname="io.cucumber.testng.AbstractTestNGCucumberTests">
    <failure type="java.lang.NullPointerException">
      <![CDATA[java.lang.NullPointerException
at com.swiggy.testscripts.OrderPizzaTestSteps.a_user_is_on_the_home_of_swiggy(OrderPizzaTestSteps.java:13)
at ✽.a user is on the home of Swiggy(file:///home/arbrownappliedi/eclipse-workspace3/SwiggyProject/Feature/Orderpizza.feature:4)
]]>
    </failure>
  </testcase> <!-- runScenario -->
</testsuite> <!-- Default test -->
